mid: 500000000
0 1 0 2 9 
0 0 0 2 9 
0 0 0 2 9 
0 0 0 0 0 
0 0 0 0 0 
mid: 249999999
0 1 0 2 9 
0 0 0 2 9 
0 0 0 2 9 
0 0 0 0 0 
0 0 0 0 0 
mid: 124999999
0 1 0 2 9 
0 0 0 2 9 
0 0 0 2 9 
0 0 0 0 0 
0 0 0 0 0 
mid: 62499999
0 1 0 2 9 
0 0 0 2 9 
0 0 0 2 9 
0 0 0 0 0 
0 0 0 0 0 
mid: 31249999
0 1 0 2 9 
0 0 0 2 9 
0 0 0 2 9 
0 0 0 0 0 
0 0 0 0 0 
mid: 15624999
0 1 0 2 9 
0 0 0 2 9 
0 0 0 2 9 
0 0 0 0 0 
0 0 0 0 0 
mid: 7812499
0 1 0 2 9 
0 0 0 2 9 
0 0 0 2 9 
0 0 0 0 0 
0 0 0 0 0 
mid: 3906249
0 1 0 2 9 
0 0 0 2 9 
0 0 0 2 9 
0 0 0 0 0 
0 0 0 0 0 
mid: 1953124
0 1 0 2 9 
0 0 0 2 9 
0 0 0 2 9 
0 0 0 0 0 
0 0 0 0 0 
mid: 976561
0 1 0 2 9 
0 0 0 2 9 
0 0 0 2 9 
0 0 0 0 0 
0 0 0 0 0 
mid: 488280
0 1 0 2 9 
0 0 0 2 9 
0 0 0 2 9 
0 0 0 0 0 
0 0 0 0 0 
mid: 244139
0 1 0 2 9 
0 0 0 2 9 
0 0 0 2 9 
0 0 0 0 0 
0 0 0 0 0 
mid: 122069
0 1 0 2 9 
0 0 0 2 9 
0 0 0 2 9 
0 0 0 0 0 
0 0 0 0 0 
mid: 61034
0 1 0 2 9 
0 0 0 2 9 
0 0 0 2 9 
0 0 0 0 0 
0 0 0 0 0 
mid: 30516
0 1 0 2 9 
0 0 0 2 9 
0 0 0 2 9 
0 0 0 0 0 
0 0 0 0 0 
mid: 15257
0 1 0 2 9 
0 0 0 2 9 
0 0 0 2 9 
0 0 0 0 0 
0 0 0 0 0 
mid: 7628
0 1 0 2 9 
0 0 0 2 9 
0 0 0 2 9 
0 0 0 0 0 
0 0 0 0 0 
mid: 3813
0 1 0 2 9 
0 0 0 2 9 
0 0 0 2 9 
0 0 0 0 0 
0 0 0 0 0 
mid: 1906
0 1 0 2 9 
0 0 0 2 9 
0 0 0 2 9 
0 0 0 0 0 
0 0 0 0 0 
mid: 952
0 1 0 2 9 
0 0 0 2 9 
0 0 0 2 9 
0 0 0 0 0 
0 0 0 0 0 
mid: 475
0 1 0 2 9 
0 0 0 2 9 
0 0 0 2 9 
0 0 0 0 0 
0 0 0 0 0 
mid: 237
0 1 0 2 9 
0 0 0 2 9 
0 0 0 2 9 
0 0 0 0 0 
0 0 0 0 0 
mid: 118
0 1 0 2 9 
0 0 0 2 9 
0 0 0 2 9 
0 0 0 0 0 
0 0 0 0 0 
mid: 58
0 1 0 2 9 
0 0 0 2 9 
0 0 0 2 9 
0 0 0 0 0 
0 0 0 0 0 
mid: 28
0 1 0 2 9 
0 0 0 2 9 
0 0 0 2 9 
0 0 0 0 0 
0 0 0 0 0 
mid: 13
0 1 0 2 9 
0 0 0 2 9 
0 0 0 2 9 
0 0 0 0 0 
0 0 0 0 0 
mid: 6
0 1 0 2 9 
0 0 0 2 9 
0 0 0 2 9 
0 0 0 0 5 
0 0 0 0 0 
mid: 2
0 1 0 2 9 
0 0 0 2 9 
0 0 0 2 9 
0 0 0 0 9 
0 0 0 0 7 
mid: 4
0 1 0 2 7 
0 0 0 2 4 
0 0 0 2 0 
0 0 0 0 0 
0 0 0 0 0 
mid: 3
0 1 0 2 9 
0 0 0 2 9 
0 0 0 2 9 
0 0 0 0 8 
0 0 0 0 5 
4
