11
21

26
1
45
23
17
7
33
13
31
3
25
35
37
res: 26920
29
res: 27582
2
res: 27794
18
res: 28982
20
res: 33414
24
res: 40910
28
res: 44670
29
res: 45332
29
res: 45994
29
res: 46656
29
res: 47318
29
res: 47980
6
res: 52088
41
39
res: 60186
38
5
res: 68470
40
15
res: 75790
36
res: 83694
40
res: 91014
38
res: 99298
41
res: 100528
41
res: 101758
10
res: 109426
10
res: 117094
10
res: 124762
8
res: 133346
12
res: 136962
14
res: 139006
10
res: 146674
4
res: 149746
32
res: 152650
16
res: 155794
34
res: 160902
41
res: 162132
44
27
9
res: 174760
22
res: 183044
44
res: 192468
42
43
res: 198760
42
res: 205052
44
res: 214476
19
res: 222774
41
res: 224004
30
res: 226544
26
res: 235028
48
47
49

46
res: 200
50
res: 900
238120